[2026-07-02 07:14:07] local.ERROR: Class "App\Http\Controllers\Controller" not found {"exception":"[object] (Error(code: 0): Class \"App\\Http\\Controllers\\Controller\" not found at C:/Users/Crissaunt/Documents/GitHub/restaurant/app/Http/Controllers/MenuController.php:9)
[stacktrace]
#0 C:/Users/Crissaunt/Documents/GitHub/restaurant/vendor/composer/ClassLoader.php(576): include()
#1 C:/Users/Crissaunt/Documents/GitHub/restaurant/vendor/composer/ClassLoader.php(427): {closure:Composer/Autoload/ClassLoader::initializeIncludeClosure():575}()
#2 [internal function]: Composer/Autoload/ClassLoader->loadClass()
#3 C:/Users/Crissaunt/Documents/GitHub/restaurant/vendor/laravel/framework/src/Illuminate/Routing/Route.php(1117): is_a()
#4 C:/Users/Crissaunt/Documents/GitHub/restaurant/vendor/laravel/framework/src/Illuminate/Routing/Route.php(1054): Illuminate/Routing/Route->controllerMiddleware()
#5 C:/Users/Crissaunt/Documents/GitHub/restaurant/vendor/laravel/framework/src/Illuminate/Routing/Router.php(820): Illuminate/Routing/Route->gatherMiddleware()
#6 C:/Users/Crissaunt/Documents/GitHub/restaurant/vendor/laravel/framework/src/Illuminate/Foundation/Console/RouteListCommand.php(211): Illuminate/Routing/Router->gatherRouteMiddleware()
#7 C:/Users/Crissaunt/Documents/GitHub/restaurant/vendor/laravel/framework/src/Illuminate/Foundation/Console/RouteListCommand.php(148): Illuminate/Foundation/Console/RouteListCommand->getMiddleware()
#8 C:/Users/Crissaunt/Documents/GitHub/restaurant/vendor/laravel/framework/src/Illuminate/Foundation/Console/RouteListCommand.php(118): Illuminate/Foundation/Console/RouteListCommand->getRouteInformation()
#9 [internal function]: Illuminate/Foundation/Console/RouteListCommand->{closure:Illuminate/Foundation/Console/RouteListCommand::getRoutes():117}()
#10 C:/Users/Crissaunt/Documents/GitHub/restaurant/vendor/laravel/framework/src/Illuminate/Collections/Arr.php(609): array_map()
#11 C:/Users/Crissaunt/Documents/GitHub/restaurant/vendor/laravel/framework/src/Illuminate/Collections/Collection.php(799): Illuminate/Support/Arr::map()
#12 C:/Users/Crissaunt/Documents/GitHub/restaurant/vendor/laravel/framework/src/Illuminate/Foundation/Console/RouteListCommand.php(117): Illuminate/Support/Collection->map()
#13 C:/Users/Crissaunt/Documents/GitHub/restaurant/vendor/laravel/framework/src/Illuminate/Foundation/Console/RouteListCommand.php(103): Illuminate/Foundation/Console/RouteListCommand->getRoutes()
#14 C:/Users/Crissaunt/Documents/GitHub/restaurant/vendor/laravel/framework/src/Illuminate/Container/BoundMethod.php(36): Illuminate/Foundation/Console/RouteListCommand->handle()
#15 C:/Users/Crissaunt/Documents/GitHub/restaurant/vendor/laravel/framework/src/Illuminate/Container/Util.php(43): Illuminate/Container/BoundMethod::{closure:Illuminate/Container/BoundMethod::call():35}()
#16 C:/Users/Crissaunt/Documents/GitHub/restaurant/vendor/laravel/framework/src/Illuminate/Container/BoundMethod.php(95): Illuminate/Container/Util::unwrapIfClosure()
#17 C:/Users/Crissaunt/Documents/GitHub/restaurant/vendor/laravel/framework/src/Illuminate/Container/BoundMethod.php(35): Illuminate/Container/BoundMethod::callBoundMethod()
#18 C:/Users/Crissaunt/Documents/GitHub/restaurant/vendor/laravel/framework/src/Illuminate/Container/Container.php(696): Illuminate/Container/BoundMethod::call()
#19 C:/Users/Crissaunt/Documents/GitHub/restaurant/vendor/laravel/framework/src/Illuminate/Console/Command.php(213): Illuminate/Container/Container->call()
#20 C:/Users/Crissaunt/Documents/GitHub/restaurant/vendor/symfony/console/Command/Command.php(341): Illuminate/Console/Command->execute()
#21 C:/Users/Crissaunt/Documents/GitHub/restaurant/vendor/laravel/framework/src/Illuminate/Console/Command.php(182): Symfony/Component/Console/Command/Command->run()
#22 C:/Users/Crissaunt/Documents/GitHub/restaurant/vendor/symfony/console/Application.php(1117): Illuminate/Console/Command->run()
#23 C:/Users/Crissaunt/Documents/GitHub/restaurant/vendor/symfony/console/Application.php(356): Symfony/Component/Console/Application->doRunCommand()
#24 C:/Users/Crissaunt/Documents/GitHub/restaurant/vendor/symfony/console/Application.php(195): Symfony/Component/Console/Application->doRun()
#25 C:/Users/Crissaunt/Documents/GitHub/restaurant/vendor/laravel/framework/src/Illuminate/Foundation/Console/Kernel.php(198): Symfony/Component/Console/Application->run()
#26 C:/Users/Crissaunt/Documents/GitHub/restaurant/artisan(12): Illuminate/Foundation/Console/Kernel->handle()
#27 {main}
"} 
[2026-07-02 09:04:47] local.ERROR: __VSCODE_LARAVEL_STARTUP_ERROR__: rename(C:\Users\Crissaunt\Documents\GitHub\restaurant\bootstrap\cache\ser3757.tmp,C:\Users\Crissaunt\Documents\GitHub\restaurant\bootstrap\cache\services.php): Access is denied (code: 5) {"exception":"[object] (Error(code: 0): __VSCODE_LARAVEL_STARTUP_ERROR__: rename(C:\\Users\\Crissaunt\\Documents\\GitHub\\restaurant\\bootstrap\\cache\\ser3757.tmp,C:\\Users\\Crissaunt\\Documents\\GitHub\\restaurant\\bootstrap\\cache\\services.php): Access is denied (code: 5) at C:/Users/Crissaunt/Documents/GitHub/restaurant/vendor/_laravel_ide/discover-80bc781b69500326630e3fef7a4fdfeb.php:33)
[stacktrace]
#0 C:/Users/Crissaunt/Documents/GitHub/restaurant/vendor/_laravel_ide/discover-80bc781b69500326630e3fef7a4fdfeb.php(62): LaravelVsCode::startupError()
#1 {main}
"} 
